\BOOKMARK [0][-]{chapter.1}{\376\377\000H\000i\000e\000r\000a\000r\000c\000h\000i\000c\000a\000l\000\040\000I\000n\000d\000e\000x}{}% 1
\BOOKMARK [1][-]{section.1.1}{\376\377\000C\000l\000a\000s\000s\000\040\000H\000i\000e\000r\000a\000r\000c\000h\000y}{chapter.1}% 2
\BOOKMARK [0][-]{chapter.2}{\376\377\000D\000a\000t\000a\000\040\000S\000t\000r\000u\000c\000t\000u\000r\000e\000\040\000I\000n\000d\000e\000x}{}% 3
\BOOKMARK [1][-]{section.2.1}{\376\377\000D\000a\000t\000a\000\040\000S\000t\000r\000u\000c\000t\000u\000r\000e\000s}{chapter.2}% 4
\BOOKMARK [0][-]{chapter.3}{\376\377\000F\000i\000l\000e\000\040\000I\000n\000d\000e\000x}{}% 5
\BOOKMARK [1][-]{section.3.1}{\376\377\000F\000i\000l\000e\000\040\000L\000i\000s\000t}{chapter.3}% 6
\BOOKMARK [0][-]{chapter.4}{\376\377\000D\000a\000t\000a\000\040\000S\000t\000r\000u\000c\000t\000u\000r\000e\000\040\000D\000o\000c\000u\000m\000e\000n\000t\000a\000t\000i\000o\000n}{}% 7
\BOOKMARK [1][-]{section.4.1}{\376\377\000D\000e\000f\000e\000c\000t\000\040\000C\000l\000a\000s\000s\000\040\000R\000e\000f\000e\000r\000e\000n\000c\000e}{chapter.4}% 8
\BOOKMARK [2][-]{subsection.4.1.1}{\376\377\000D\000e\000t\000a\000i\000l\000e\000d\000\040\000D\000e\000s\000c\000r\000i\000p\000t\000i\000o\000n}{section.4.1}% 9
\BOOKMARK [2][-]{subsection.4.1.2}{\376\377\000C\000o\000n\000s\000t\000r\000u\000c\000t\000o\000r\000\040\000\046\000\040\000D\000e\000s\000t\000r\000u\000c\000t\000o\000r\000\040\000D\000o\000c\000u\000m\000e\000n\000t\000a\000t\000i\000o\000n}{section.4.1}% 10
\BOOKMARK [3][-]{subsubsection.4.1.2.1}{\376\377\000D\000e\000f\000e\000c\000t}{subsection.4.1.2}% 11
\BOOKMARK [3][-]{subsubsection.4.1.2.2}{\376\377\000D\000e\000f\000e\000c\000t}{subsection.4.1.2}% 12
\BOOKMARK [3][-]{subsubsection.4.1.2.3}{\376\377\000D\000e\000f\000e\000c\000t}{subsection.4.1.2}% 13
\BOOKMARK [2][-]{subsection.4.1.3}{\376\377\000M\000e\000m\000b\000e\000r\000\040\000F\000u\000n\000c\000t\000i\000o\000n\000\040\000D\000o\000c\000u\000m\000e\000n\000t\000a\000t\000i\000o\000n}{section.4.1}% 14
\BOOKMARK [3][-]{subsubsection.4.1.3.1}{\376\377\000g\000e\000t\000P\000o\000s\000i\000t\000i\000o\000n}{subsection.4.1.3}% 15
\BOOKMARK [3][-]{subsubsection.4.1.3.2}{\376\377\000g\000e\000t\000P\000o\000s\000i\000t\000i\000o\000n}{subsection.4.1.3}% 16
\BOOKMARK [3][-]{subsubsection.4.1.3.3}{\376\377\000g\000e\000t\000X}{subsection.4.1.3}% 17
\BOOKMARK [3][-]{subsubsection.4.1.3.4}{\376\377\000g\000e\000t\000Y}{subsection.4.1.3}% 18
\BOOKMARK [3][-]{subsubsection.4.1.3.5}{\376\377\000g\000e\000t\000Z}{subsection.4.1.3}% 19
\BOOKMARK [3][-]{subsubsection.4.1.3.6}{\376\377\000s\000e\000t\000P\000o\000s\000i\000t\000i\000o\000n}{subsection.4.1.3}% 20
\BOOKMARK [3][-]{subsubsection.4.1.3.7}{\376\377\000s\000e\000t\000P\000o\000s\000i\000t\000i\000o\000n}{subsection.4.1.3}% 21
\BOOKMARK [3][-]{subsubsection.4.1.3.8}{\376\377\000s\000e\000t\000X}{subsection.4.1.3}% 22
\BOOKMARK [3][-]{subsubsection.4.1.3.9}{\376\377\000s\000e\000t\000Y}{subsection.4.1.3}% 23
\BOOKMARK [3][-]{subsubsection.4.1.3.10}{\376\377\000s\000e\000t\000Z}{subsection.4.1.3}% 24
\BOOKMARK [3][-]{subsubsection.4.1.3.11}{\376\377\000s\000t\000r\000e\000s\000s\000F\000i\000e\000l\000d}{subsection.4.1.3}% 25
\BOOKMARK [2][-]{subsection.4.1.4}{\376\377\000F\000i\000e\000l\000d\000\040\000D\000o\000c\000u\000m\000e\000n\000t\000a\000t\000i\000o\000n}{section.4.1}% 26
\BOOKMARK [3][-]{subsubsection.4.1.4.1}{\376\377\000p\000o\000s}{subsection.4.1.4}% 27
\BOOKMARK [1][-]{section.4.2}{\376\377\000M\000a\000t\000r\000i\000x\0003\0003\000\040\000C\000l\000a\000s\000s\000\040\000R\000e\000f\000e\000r\000e\000n\000c\000e}{chapter.4}% 28
\BOOKMARK [2][-]{subsection.4.2.1}{\376\377\000D\000e\000t\000a\000i\000l\000e\000d\000\040\000D\000e\000s\000c\000r\000i\000p\000t\000i\000o\000n}{section.4.2}% 29
\BOOKMARK [2][-]{subsection.4.2.2}{\376\377\000C\000o\000n\000s\000t\000r\000u\000c\000t\000o\000r\000\040\000\046\000\040\000D\000e\000s\000t\000r\000u\000c\000t\000o\000r\000\040\000D\000o\000c\000u\000m\000e\000n\000t\000a\000t\000i\000o\000n}{section.4.2}% 30
\BOOKMARK [3][-]{subsubsection.4.2.2.1}{\376\377\000M\000a\000t\000r\000i\000x\0003\0003}{subsection.4.2.2}% 31
\BOOKMARK [3][-]{subsubsection.4.2.2.2}{\376\377\000M\000a\000t\000r\000i\000x\0003\0003}{subsection.4.2.2}% 32
\BOOKMARK [3][-]{subsubsection.4.2.2.3}{\376\377\000M\000a\000t\000r\000i\000x\0003\0003}{subsection.4.2.2}% 33
\BOOKMARK [3][-]{subsubsection.4.2.2.4}{\376\377\000M\000a\000t\000r\000i\000x\0003\0003}{subsection.4.2.2}% 34
\BOOKMARK [2][-]{subsection.4.2.3}{\376\377\000M\000e\000m\000b\000e\000r\000\040\000F\000u\000n\000c\000t\000i\000o\000n\000\040\000D\000o\000c\000u\000m\000e\000n\000t\000a\000t\000i\000o\000n}{section.4.2}% 35
\BOOKMARK [3][-]{subsubsection.4.2.3.1}{\376\377\000g\000e\000t\000V\000a\000l\000u\000e}{subsection.4.2.3}% 36
\BOOKMARK [3][-]{subsubsection.4.2.3.2}{\376\377\000o\000p\000e\000r\000a\000t\000o\000r\000!}{subsection.4.2.3}% 37
\BOOKMARK [3][-]{subsubsection.4.2.3.3}{\376\377\000o\000p\000e\000r\000a\000t\000o\000r}{subsection.4.2.3}% 38
\BOOKMARK [3][-]{subsubsection.4.2.3.4}{\376\377\000o\000p\000e\000r\000a\000t\000o\000r}{subsection.4.2.3}% 39
\BOOKMARK [3][-]{subsubsection.4.2.3.5}{\376\377\000o\000p\000e\000r\000a\000t\000o\000r}{subsection.4.2.3}% 40
\BOOKMARK [3][-]{subsubsection.4.2.3.6}{\376\377\000o\000p\000e\000r\000a\000t\000o\000r\000=}{subsection.4.2.3}% 41
\BOOKMARK [3][-]{subsubsection.4.2.3.7}{\376\377\000o\000p\000e\000r\000a\000t\000o\000r\000=}{subsection.4.2.3}% 42
\BOOKMARK [3][-]{subsubsection.4.2.3.8}{\376\377\000o\000p\000e\000r\000a\000t\000o\000r\000+}{subsection.4.2.3}% 43
\BOOKMARK [3][-]{subsubsection.4.2.3.9}{\376\377\000o\000p\000e\000r\000a\000t\000o\000r\000+\000=}{subsection.4.2.3}% 44
\BOOKMARK [3][-]{subsubsection.4.2.3.10}{\376\377\000o\000p\000e\000r\000a\000t\000o\000r\000-}{subsection.4.2.3}% 45
\BOOKMARK [3][-]{subsubsection.4.2.3.11}{\376\377\000o\000p\000e\000r\000a\000t\000o\000r\000-\000=}{subsection.4.2.3}% 46
\BOOKMARK [3][-]{subsubsection.4.2.3.12}{\376\377\000o\000p\000e\000r\000a\000t\000o\000r}{subsection.4.2.3}% 47
\BOOKMARK [3][-]{subsubsection.4.2.3.13}{\376\377\000o\000p\000e\000r\000a\000t\000o\000r}{subsection.4.2.3}% 48
\BOOKMARK [3][-]{subsubsection.4.2.3.14}{\376\377\000s\000e\000t\000V\000a\000l\000u\000e}{subsection.4.2.3}% 49
\BOOKMARK [2][-]{subsection.4.2.4}{\376\377\000F\000i\000e\000l\000d\000\040\000D\000o\000c\000u\000m\000e\000n\000t\000a\000t\000i\000o\000n}{section.4.2}% 50
\BOOKMARK [3][-]{subsubsection.4.2.4.1}{\376\377\000x}{subsection.4.2.4}% 51
\BOOKMARK [1][-]{section.4.3}{\376\377\000S\000t\000r\000e\000s\000s\000\040\000C\000l\000a\000s\000s\000\040\000R\000e\000f\000e\000r\000e\000n\000c\000e}{chapter.4}% 52
\BOOKMARK [2][-]{subsection.4.3.1}{\376\377\000D\000e\000t\000a\000i\000l\000e\000d\000\040\000D\000e\000s\000c\000r\000i\000p\000t\000i\000o\000n}{section.4.3}% 53
\BOOKMARK [2][-]{subsection.4.3.2}{\376\377\000C\000o\000n\000s\000t\000r\000u\000c\000t\000o\000r\000\040\000\046\000\040\000D\000e\000s\000t\000r\000u\000c\000t\000o\000r\000\040\000D\000o\000c\000u\000m\000e\000n\000t\000a\000t\000i\000o\000n}{section.4.3}% 54
\BOOKMARK [3][-]{subsubsection.4.3.2.1}{\376\377\000S\000t\000r\000e\000s\000s}{subsection.4.3.2}% 55
\BOOKMARK [3][-]{subsubsection.4.3.2.2}{\376\377\000S\000t\000r\000e\000s\000s}{subsection.4.3.2}% 56
\BOOKMARK [2][-]{subsection.4.3.3}{\376\377\000M\000e\000m\000b\000e\000r\000\040\000F\000u\000n\000c\000t\000i\000o\000n\000\040\000D\000o\000c\000u\000m\000e\000n\000t\000a\000t\000i\000o\000n}{section.4.3}% 57
\BOOKMARK [3][-]{subsubsection.4.3.3.1}{\376\377\000g\000e\000t\000P\000r\000i\000n\000c\000i\000p\000a\000l\000S\000t\000r\000e\000s\000s\000e\000s}{subsection.4.3.3}% 58
\BOOKMARK [3][-]{subsubsection.4.3.3.2}{\376\377\000g\000e\000t\000S\000h\000e\000a\000r\000S\000t\000r\000e\000s\000s\000e\000s}{subsection.4.3.3}% 59
\BOOKMARK [3][-]{subsubsection.4.3.3.3}{\376\377\000g\000e\000t\000V\000a\000l\000u\000e}{subsection.4.3.3}% 60
\BOOKMARK [3][-]{subsubsection.4.3.3.4}{\376\377\000o\000p\000e\000r\000a\000t\000o\000r\000!}{subsection.4.3.3}% 61
\BOOKMARK [3][-]{subsubsection.4.3.3.5}{\376\377\000o\000p\000e\000r\000a\000t\000o\000r}{subsection.4.3.3}% 62
\BOOKMARK [3][-]{subsubsection.4.3.3.6}{\376\377\000o\000p\000e\000r\000a\000t\000o\000r}{subsection.4.3.3}% 63
\BOOKMARK [3][-]{subsubsection.4.3.3.7}{\376\377\000o\000p\000e\000r\000a\000t\000o\000r}{subsection.4.3.3}% 64
\BOOKMARK [3][-]{subsubsection.4.3.3.8}{\376\377\000o\000p\000e\000r\000a\000t\000o\000r\000=}{subsection.4.3.3}% 65
\BOOKMARK [3][-]{subsubsection.4.3.3.9}{\376\377\000o\000p\000e\000r\000a\000t\000o\000r\000=}{subsection.4.3.3}% 66
\BOOKMARK [3][-]{subsubsection.4.3.3.10}{\376\377\000o\000p\000e\000r\000a\000t\000o\000r\000+}{subsection.4.3.3}% 67
\BOOKMARK [3][-]{subsubsection.4.3.3.11}{\376\377\000o\000p\000e\000r\000a\000t\000o\000r\000+\000=}{subsection.4.3.3}% 68
\BOOKMARK [3][-]{subsubsection.4.3.3.12}{\376\377\000o\000p\000e\000r\000a\000t\000o\000r\000-}{subsection.4.3.3}% 69
\BOOKMARK [3][-]{subsubsection.4.3.3.13}{\376\377\000o\000p\000e\000r\000a\000t\000o\000r\000-\000=}{subsection.4.3.3}% 70
\BOOKMARK [3][-]{subsubsection.4.3.3.14}{\376\377\000o\000p\000e\000r\000a\000t\000o\000r}{subsection.4.3.3}% 71
\BOOKMARK [3][-]{subsubsection.4.3.3.15}{\376\377\000o\000p\000e\000r\000a\000t\000o\000r}{subsection.4.3.3}% 72
\BOOKMARK [3][-]{subsubsection.4.3.3.16}{\376\377\000p\000o\000p\000u\000l\000a\000t\000e\000M\000a\000t\000r\000i\000x}{subsection.4.3.3}% 73
\BOOKMARK [3][-]{subsubsection.4.3.3.17}{\376\377\000r\000o\000t\000a\000t\000e}{subsection.4.3.3}% 74
\BOOKMARK [3][-]{subsubsection.4.3.3.18}{\376\377\000s\000e\000t\000V\000a\000l\000u\000e}{subsection.4.3.3}% 75
\BOOKMARK [2][-]{subsection.4.3.4}{\376\377\000F\000i\000e\000l\000d\000\040\000D\000o\000c\000u\000m\000e\000n\000t\000a\000t\000i\000o\000n}{section.4.3}% 76
\BOOKMARK [3][-]{subsubsection.4.3.4.1}{\376\377\000p\000r\000i\000n\000c\000i\000p\000a\000l\000S\000t\000r\000e\000s\000s\000e\000s}{subsection.4.3.4}% 77
\BOOKMARK [3][-]{subsubsection.4.3.4.2}{\376\377\000s\000h\000e\000a\000r\000S\000t\000r\000e\000s\000s\000e\000s}{subsection.4.3.4}% 78
\BOOKMARK [3][-]{subsubsection.4.3.4.3}{\376\377\000x}{subsection.4.3.4}% 79
\BOOKMARK [1][-]{section.4.4}{\376\377\000V\000e\000c\000t\000o\000r\0003\000d\000\040\000C\000l\000a\000s\000s\000\040\000R\000e\000f\000e\000r\000e\000n\000c\000e}{chapter.4}% 80
\BOOKMARK [2][-]{subsection.4.4.1}{\376\377\000D\000e\000t\000a\000i\000l\000e\000d\000\040\000D\000e\000s\000c\000r\000i\000p\000t\000i\000o\000n}{section.4.4}% 81
\BOOKMARK [2][-]{subsection.4.4.2}{\376\377\000C\000o\000n\000s\000t\000r\000u\000c\000t\000o\000r\000\040\000\046\000\040\000D\000e\000s\000t\000r\000u\000c\000t\000o\000r\000\040\000D\000o\000c\000u\000m\000e\000n\000t\000a\000t\000i\000o\000n}{section.4.4}% 82
\BOOKMARK [3][-]{subsubsection.4.4.2.1}{\376\377\000V\000e\000c\000t\000o\000r\0003\000d}{subsection.4.4.2}% 83
\BOOKMARK [3][-]{subsubsection.4.4.2.2}{\376\377\000V\000e\000c\000t\000o\000r\0003\000d}{subsection.4.4.2}% 84
\BOOKMARK [3][-]{subsubsection.4.4.2.3}{\376\377\000V\000e\000c\000t\000o\000r\0003\000d}{subsection.4.4.2}% 85
\BOOKMARK [2][-]{subsection.4.4.3}{\376\377\000M\000e\000m\000b\000e\000r\000\040\000F\000u\000n\000c\000t\000i\000o\000n\000\040\000D\000o\000c\000u\000m\000e\000n\000t\000a\000t\000i\000o\000n}{section.4.4}% 86
\BOOKMARK [3][-]{subsubsection.4.4.3.1}{\376\377\000g\000e\000t\000V\000a\000l\000u\000e}{subsection.4.4.3}% 87
\BOOKMARK [3][-]{subsubsection.4.4.3.2}{\376\377\000g\000e\000t\000V\000e\000c\000t\000o\000r}{subsection.4.4.3}% 88
\BOOKMARK [3][-]{subsubsection.4.4.3.3}{\376\377\000o\000p\000e\000r\000a\000t\000o\000r}{subsection.4.4.3}% 89
\BOOKMARK [3][-]{subsubsection.4.4.3.4}{\376\377\000o\000p\000e\000r\000a\000t\000o\000r}{subsection.4.4.3}% 90
\BOOKMARK [3][-]{subsubsection.4.4.3.5}{\376\377\000o\000p\000e\000r\000a\000t\000o\000r\000=}{subsection.4.4.3}% 91
\BOOKMARK [3][-]{subsubsection.4.4.3.6}{\376\377\000o\000p\000e\000r\000a\000t\000o\000r\000+}{subsection.4.4.3}% 92
\BOOKMARK [3][-]{subsubsection.4.4.3.7}{\376\377\000o\000p\000e\000r\000a\000t\000o\000r\000+\000=}{subsection.4.4.3}% 93
\BOOKMARK [3][-]{subsubsection.4.4.3.8}{\376\377\000o\000p\000e\000r\000a\000t\000o\000r\000-}{subsection.4.4.3}% 94
\BOOKMARK [3][-]{subsubsection.4.4.3.9}{\376\377\000o\000p\000e\000r\000a\000t\000o\000r\000-\000=}{subsection.4.4.3}% 95
\BOOKMARK [3][-]{subsubsection.4.4.3.10}{\376\377\000o\000p\000e\000r\000a\000t\000o\000r}{subsection.4.4.3}% 96
\BOOKMARK [3][-]{subsubsection.4.4.3.11}{\376\377\000o\000p\000e\000r\000a\000t\000o\000r\000=}{subsection.4.4.3}% 97
\BOOKMARK [3][-]{subsubsection.4.4.3.12}{\376\377\000s\000e\000t\000V\000a\000l\000u\000e}{subsection.4.4.3}% 98
\BOOKMARK [3][-]{subsubsection.4.4.3.13}{\376\377\000s\000e\000t\000V\000e\000c\000t\000o\000r}{subsection.4.4.3}% 99
\BOOKMARK [3][-]{subsubsection.4.4.3.14}{\376\377\000s\000u\000m}{subsection.4.4.3}% 100
\BOOKMARK [2][-]{subsection.4.4.4}{\376\377\000F\000i\000e\000l\000d\000\040\000D\000o\000c\000u\000m\000e\000n\000t\000a\000t\000i\000o\000n}{section.4.4}% 101
\BOOKMARK [3][-]{subsubsection.4.4.4.1}{\376\377\000x}{subsection.4.4.4}% 102
\BOOKMARK [0][-]{chapter.5}{\376\377\000F\000i\000l\000e\000\040\000D\000o\000c\000u\000m\000e\000n\000t\000a\000t\000i\000o\000n}{}% 103
\BOOKMARK [1][-]{section.5.1}{\376\377\000d\000e\000f\000e\000c\000t\000.\000c\000p\000p\000\040\000F\000i\000l\000e\000\040\000R\000e\000f\000e\000r\000e\000n\000c\000e}{chapter.5}% 104
\BOOKMARK [1][-]{section.5.2}{\376\377\000d\000e\000f\000e\000c\000t\000.\000h\000\040\000F\000i\000l\000e\000\040\000R\000e\000f\000e\000r\000e\000n\000c\000e}{chapter.5}% 105
\BOOKMARK [2][-]{subsection.5.2.1}{\376\377\000D\000e\000t\000a\000i\000l\000e\000d\000\040\000D\000e\000s\000c\000r\000i\000p\000t\000i\000o\000n}{section.5.2}% 106
\BOOKMARK [2][-]{subsection.5.2.2}{\376\377\000B\000R\000I\000E\000F}{section.5.2}% 107
\BOOKMARK [2][-]{subsection.5.2.3}{\376\377\000D\000E\000T\000A\000I\000L\000S}{section.5.2}% 108
\BOOKMARK [1][-]{section.5.3}{\376\377\000m\000a\000t\000r\000i\000x\0003\0003\000.\000c\000p\000p\000\040\000F\000i\000l\000e\000\040\000R\000e\000f\000e\000r\000e\000n\000c\000e}{chapter.5}% 109
\BOOKMARK [1][-]{section.5.4}{\376\377\000m\000a\000t\000r\000i\000x\0003\0003\000.\000h\000\040\000F\000i\000l\000e\000\040\000R\000e\000f\000e\000r\000e\000n\000c\000e}{chapter.5}% 110
\BOOKMARK [2][-]{subsection.5.4.1}{\376\377\000D\000e\000t\000a\000i\000l\000e\000d\000\040\000D\000e\000s\000c\000r\000i\000p\000t\000i\000o\000n}{section.5.4}% 111
\BOOKMARK [1][-]{section.5.5}{\376\377\000s\000t\000r\000e\000s\000s\000.\000c\000p\000p\000\040\000F\000i\000l\000e\000\040\000R\000e\000f\000e\000r\000e\000n\000c\000e}{chapter.5}% 112
\BOOKMARK [1][-]{section.5.6}{\376\377\000s\000t\000r\000e\000s\000s\000.\000h\000\040\000F\000i\000l\000e\000\040\000R\000e\000f\000e\000r\000e\000n\000c\000e}{chapter.5}% 113
\BOOKMARK [2][-]{subsection.5.6.1}{\376\377\000D\000e\000t\000a\000i\000l\000e\000d\000\040\000D\000e\000s\000c\000r\000i\000p\000t\000i\000o\000n}{section.5.6}% 114
\BOOKMARK [1][-]{section.5.7}{\376\377\000v\000e\000c\000t\000o\000r\0003\000d\000.\000c\000p\000p\000\040\000F\000i\000l\000e\000\040\000R\000e\000f\000e\000r\000e\000n\000c\000e}{chapter.5}% 115
\BOOKMARK [2][-]{subsection.5.7.1}{\376\377\000D\000e\000t\000a\000i\000l\000e\000d\000\040\000D\000e\000s\000c\000r\000i\000p\000t\000i\000o\000n}{section.5.7}% 116
\BOOKMARK [1][-]{section.5.8}{\376\377\000v\000e\000c\000t\000o\000r\0003\000d\000.\000h\000\040\000F\000i\000l\000e\000\040\000R\000e\000f\000e\000r\000e\000n\000c\000e}{chapter.5}% 117
\BOOKMARK [2][-]{subsection.5.8.1}{\376\377\000D\000e\000t\000a\000i\000l\000e\000d\000\040\000D\000e\000s\000c\000r\000i\000p\000t\000i\000o\000n}{section.5.8}% 118
\BOOKMARK [-1][-]{subsection.5.8.1}{\376\377\000I\000n\000d\000e\000x}{}% 119
